2014-10-22 14:39:11 Error: [MissingPluginException] Plugin DebugKit could not be found.
Exception Attributes: array (
  'plugin' => 'DebugKit',
)
Request URL: /sms/
Stack Trace:
#0 /var/www/html/sms/lib/Cake/Core/App.php(227): CakePlugin::path('DebugKit')
#1 /var/www/html/sms/lib/Cake/Core/App.php(549): App::path('Controller/Comp...', 'DebugKit')
#2 [internal function]: App::load('ToolbarComponen...')
#3 [internal function]: spl_autoload_call('ToolbarComponen...')
#4 /var/www/html/sms/lib/Cake/Controller/ComponentCollection.php(110): class_exists('ToolbarComponen...')
#5 /var/www/html/sms/lib/Cake/Controller/ComponentCollection.php(53): ComponentCollection->load('DebugKit.Toolba...', Array)
#6 /var/www/html/sms/lib/Cake/Controller/Controller.php(643): ComponentCollection->init(Object(PagesController))
#7 /var/www/html/sms/lib/Cake/Routing/Dispatcher.php(186): Controller->constructClasses()
#8 /var/www/html/sms/lib/Cake/Routing/Dispatcher.php(165): Dispatcher->_invoke(Object(PagesController), Object(CakeRequest))
#9 /var/www/html/sms/app/webroot/index.php(108): Dispatcher->dispatch(Object(CakeRequest), Object(CakeResponse))
#10 {main}
2014-10-22 14:39:19 Error: [MissingComponentException] Component class DebugKitComponent could not be found.
Exception Attributes: array (
  'class' => 'DebugKitComponent',
  'plugin' => false,
)
Request URL: /sms/
Stack Trace:
#0 /var/www/html/sms/lib/Cake/Controller/ComponentCollection.php(53): ComponentCollection->load('DebugKit', Array)
#1 /var/www/html/sms/lib/Cake/Controller/Controller.php(643): ComponentCollection->init(Object(PagesController))
#2 /var/www/html/sms/lib/Cake/Routing/Dispatcher.php(186): Controller->constructClasses()
#3 /var/www/html/sms/lib/Cake/Routing/Dispatcher.php(165): Dispatcher->_invoke(Object(PagesController), Object(CakeRequest))
#4 /var/www/html/sms/app/webroot/index.php(108): Dispatcher->dispatch(Object(CakeRequest), Object(CakeResponse))
#5 {main}
